  Day 6.c
E:\Program Files\Microsoft Visual Studio\Source\Fast Track C\Day 6\Day 6.c(9,1): warning C4305: 'initializing': truncation from 'double' to 'float'
E:\Program Files\Microsoft Visual Studio\Source\Fast Track C\Day 6\Day 6.c(27,1): warning C4305: 'initializing': truncation from 'double' to 'float'
E:\Program Files\Microsoft Visual Studio\Source\Fast Track C\Day 6\Day 6.c(33,1): warning C4305: 'initializing': truncation from 'double' to 'float'
E:\Program Files\Microsoft Visual Studio\Source\Fast Track C\Day 6\Day 6.c(39,1): warning C4305: 'initializing': truncation from 'double' to 'float'
E:\Program Files\Microsoft Visual Studio\Source\Fast Track C\Day 6\Day 6.c(45,1): warning C4305: 'initializing': truncation from 'double' to 'float'
E:\Program Files\Microsoft Visual Studio\Source\Fast Track C\Day 6\Day 6.c(51,1): warning C4305: 'initializing': truncation from 'double' to 'float'
E:\Program Files\Microsoft Visual Studio\Source\Fast Track C\Day 6\Day 6.c(57,1): warning C4305: 'initializing': truncation from 'double' to 'float'
E:\Program Files\Microsoft Visual Studio\Source\Fast Track C\Day 6\Day 6.c(63,1): warning C4305: 'initializing': truncation from 'double' to 'float'
E:\Program Files\Microsoft Visual Studio\Source\Fast Track C\Day 6\Day 6.c(75,9): warning C4476: 'printf' : unknown type field character '\n' in format specifier
E:\Program Files\Microsoft Visual Studio\Source\Fast Track C\Day 6\Day 6.c(125,28): warning C4013: 'malloc' undefined; assuming extern returning int
E:\Program Files\Microsoft Visual Studio\Source\Fast Track C\Day 6\Day 6.c(160,18): warning C4244: '-=': conversion from 'double' to 'float', possible loss of data
E:\Program Files\Microsoft Visual Studio\Source\Fast Track C\Day 6\Day 6.c(164,18): warning C4244: '-=': conversion from 'double' to 'float', possible loss of data
E:\Program Files\Microsoft Visual Studio\Source\Fast Track C\Day 6\Day 6.c(168,18): warning C4244: '-=': conversion from 'double' to 'float', possible loss of data
E:\Program Files\Microsoft Visual Studio\Source\Fast Track C\Day 6\Day 6.c(189,20): warning C4244: '=': conversion from 'double' to 'float', possible loss of data
E:\Program Files\Microsoft Visual Studio\Source\Fast Track C\Day 6\Day 6.c(190,10): warning C4476: 'printf' : unknown type field character ''' in format specifier
E:\Program Files\Microsoft Visual Studio\Source\Fast Track C\Day 6\Day 6.c(193,20): warning C4244: '=': conversion from 'double' to 'float', possible loss of data
E:\Program Files\Microsoft Visual Studio\Source\Fast Track C\Day 6\Day 6.c(194,10): warning C4476: 'printf' : unknown type field character ''' in format specifier
E:\Program Files\Microsoft Visual Studio\Source\Fast Track C\Day 6\Day 6.c(197,20): warning C4244: '=': conversion from 'double' to 'float', possible loss of data
E:\Program Files\Microsoft Visual Studio\Source\Fast Track C\Day 6\Day 6.c(198,10): warning C4476: 'printf' : unknown type field character ''' in format specifier
  Day 6.vcxproj -> E:\Program Files\Microsoft Visual Studio\Source\Fast Track C\Day 6\Debug\Day 6.exe
